<?xml version="1.0" encoding="UTF-8"?>
<!-- Generated by org.testng.reporters.JUnitReportReporter -->
<testsuite hostname="DESKTOP-GLHP0J7" failures="0" tests="1" name="scripts.testcase1" time="32.332" errors="0" timestamp="2024-01-08T17:21:22 IST" skipped="0">
  <testcase classname="scripts.testcase1" name="tc1" time="32.332"/>
</testsuite> <!-- scripts.testcase1 -->
